[debug] [2021-04-24T16:00:35.560Z] ----------------------------------------------------------------------
[debug] [2021-04-24T16:00:35.571Z] Command:       C:\Users\gg\AppData\Roaming\npm\node_modules\node\bin\node.exe C:\Users\gg\AppData\Roaming\npm\node_modules\firebase-tools\lib\bin\firebase.js init
[debug] [2021-04-24T16:00:35.571Z] CLI Version:   7.3.2
[debug] [2021-04-24T16:00:35.571Z] Platform:      win32
[debug] [2021-04-24T16:00:35.571Z] Node Version:  v12.4.0
[debug] [2021-04-24T16:00:35.636Z] Time:          Sat Apr 24 2021 21:30:35 GMT+0530 (India Standard Time)
[debug] [2021-04-24T16:00:35.636Z] ----------------------------------------------------------------------
[debug] 
[debug] [2021-04-24T16:00:35.767Z] > command requires scopes: ["email","openid","https://www.googleapis.com/auth/cloudplatformprojects.readonly","https://www.googleapis.com/auth/firebase","https://www.googleapis.com/auth/cloud-platform"]
[debug] [2021-04-24T16:00:35.768Z] > authorizing via signed-in user
[info] 
     ######## #### ########  ######## ########     ###     ######  ########
     ##        ##  ##     ## ##       ##     ##  ##   ##  ##       ##
     ######    ##  ########  ######   ########  #########  ######  ######
     ##        ##  ##    ##  ##       ##     ## ##     ##       ## ##
     ##       #### ##     ## ######## ########  ##     ##  ######  ########

You're about to initialize a Firebase project in this directory:

  C:\Users\gg\Desktop\Alligator\pofio\simplefolio

Before we get started, keep in mind:

  * You are initializing in an existing Firebase project directory

